[33mcommit 5339f888a3d54fab6f51f0ec8173f59a1b48c689[m
Author: Kuplyaev Aleksey <a.kuplyaev@gmail.com>
Date:   Fri May 20 13:08:38 2016 +0300

    РїСЏС‚РѕРµ РёР·РјРµРЅРµРЅРёРµ РёР·РјРµРЅРµРЅРёРµ 1.txt

[1mdiff --git a/1.txt b/1.txt[m
[1mindex c9c7078..2279e61 100644[m
[1m--- a/1.txt[m
[1m+++ b/1.txt[m
[36m@@ -1,3 +1,4 @@[m
 Первое изменение и [m
 второе изменение и[m
[31m-третье изменение и четвертое изменение[m
\ No newline at end of file[m
[32m+[m[32mтретье изменение и четвертое изменение[m
[32m+[m[32mпятое изменение[m[41m [m
\ No newline at end of file[m

[33mcommit e7f04646aac3a17a5d092a6b26bd845e9bc6855d[m
Author: Kuplyaev Aleksey <a.kuplyaev@gmail.com>
Date:   Fri May 20 13:08:12 2016 +0300

    С‡РµС‚РІРµСЂС‚РѕРµ РёР·РјРµРЅРµРЅРёРµ 1.txt

[1mdiff --git a/1.txt b/1.txt[m
[1mindex 9d90adc..c9c7078 100644[m
[1m--- a/1.txt[m
[1m+++ b/1.txt[m
[36m@@ -1,3 +1,3 @@[m
 Первое изменение и [m
 второе изменение и[m
[31m-третье изменение[m
\ No newline at end of file[m
[32m+[m[32mтретье изменение и четвертое изменение[m
\ No newline at end of file[m

[33mcommit f163ebe6e2ceb0ffcab821f74f8d2e591340aded[m
Author: Kuplyaev Aleksey <a.kuplyaev@gmail.com>
Date:   Fri May 20 13:07:40 2016 +0300

    РўСЂРµС‚СЊРµ РёР·РјРµРЅРµРЅРёРµ 1.txt

[1mdiff --git a/1.txt b/1.txt[m
[1mindex c27193b..9d90adc 100644[m
[1m--- a/1.txt[m
[1m+++ b/1.txt[m
[36m@@ -1,2 +1,3 @@[m
 Первое изменение и [m
[31m-второе изменение [m
\ No newline at end of file[m
[32m+[m[32mвторое изменение и[m
[32m+[m[32mтретье изменение[m
\ No newline at end of file[m

[33mcommit 49f4dca5de672e6207b52aca0ae75fd5bdf15c81[m
Author: Kuplyaev Aleksey <a.kuplyaev@gmail.com>
Date:   Fri May 20 13:07:13 2016 +0300

    РІС‚РѕСЂРѕРµ РёР·РјРµРЅРµРЅРёРµ 1.txt

[1mdiff --git a/1.txt b/1.txt[m
[1mindex 4aa5f18..c27193b 100644[m
[1m--- a/1.txt[m
[1m+++ b/1.txt[m
[36m@@ -1 +1,2 @@[m
[31m-Первое изменение[m
\ No newline at end of file[m
[32m+[m[32mПервое изменение и[m[41m [m
[32m+[m[32mвторое изменение[m[41m [m
\ No newline at end of file[m

[33mcommit e2970e0e848b32fcba9132ddd36ec0aed6f05607[m
Author: Kuplyaev Aleksey <a.kuplyaev@gmail.com>
Date:   Fri May 20 13:06:26 2016 +0300

    РїРµСЂРІРѕРµ РёР·РјРµРЅРµРЅРёРµ 1.txt

[1mdiff --git a/1.txt b/1.txt[m
[1mnew file mode 100644[m
[1mindex 0000000..4aa5f18[m
[1m--- /dev/null[m
[1m+++ b/1.txt[m
[36m@@ -0,0 +1 @@[m
[32m+[m[32mПервое изменение[m
\ No newline at end of file[m
