[33mcommit 5339f888a3d54fab6f51f0ec8173f59a1b48c689[m
Author: Kuplyaev Aleksey <a.kuplyaev@gmail.com>
Date:   Fri May 20 13:08:38 2016 +0300

    пятое изменение изменение 1.txt

[33mcommit e7f04646aac3a17a5d092a6b26bd845e9bc6855d[m
Author: Kuplyaev Aleksey <a.kuplyaev@gmail.com>
Date:   Fri May 20 13:08:12 2016 +0300

    четвертое изменение 1.txt

[33mcommit f163ebe6e2ceb0ffcab821f74f8d2e591340aded[m
Author: Kuplyaev Aleksey <a.kuplyaev@gmail.com>
Date:   Fri May 20 13:07:40 2016 +0300

    Третье изменение 1.txt

[33mcommit 49f4dca5de672e6207b52aca0ae75fd5bdf15c81[m
Author: Kuplyaev Aleksey <a.kuplyaev@gmail.com>
Date:   Fri May 20 13:07:13 2016 +0300

    второе изменение 1.txt

[33mcommit e2970e0e848b32fcba9132ddd36ec0aed6f05607[m
Author: Kuplyaev Aleksey <a.kuplyaev@gmail.com>
Date:   Fri May 20 13:06:26 2016 +0300

    первое изменение 1.txt
